2025-07-30 21:09:40,333 - __main__ - ERROR - [REDACTED SENSITIVE DATA]
2025-07-30 21:10:07,195 - __main__ - ERROR - [REDACTED SENSITIVE DATA]
2025-07-30 21:10:17,579 - __main__ - ERROR - [REDACTED SENSITIVE DATA]
2025-07-30 21:10:36,387 - __main__ - ERROR - [REDACTED SENSITIVE DATA]
2025-07-30 21:10:53,938 - __main__ - INFO - Database engines created successfully
2025-07-30 21:10:53,958 - __main__ - INFO - ============================================================
2025-07-30 21:10:53,958 - __main__ - INFO - 🚀 Navigator Prompt API v3.0.0
2025-07-30 21:10:53,958 - __main__ - INFO - 📍 Server: http://0.0.0.0:5000
2025-07-30 21:10:53,958 - __main__ - INFO - 👥 Workers: 4
2025-07-30 21:10:53,958 - __main__ - INFO - 🔒 Environment: development
2025-07-30 21:10:53,958 - __main__ - INFO - ============================================================
2025-07-30 21:10:54,639 - __mp_main__ - INFO - Database engines created successfully
2025-07-30 21:10:54,699 - watchfiles.main - INFO - 1 change detected
2025-07-30 21:10:55,049 - watchfiles.main - INFO - 1 change detected
2025-07-30 21:10:55,400 - watchfiles.main - INFO - 1 change detected
2025-07-30 21:10:55,750 - watchfiles.main - INFO - 1 change detected
2025-07-30 21:10:56,101 - watchfiles.main - INFO - 1 change detected
2025-07-30 21:10:56,452 - watchfiles.main - INFO - 1 change detected
2025-07-30 21:10:56,802 - watchfiles.main - INFO - 1 change detected
2025-07-30 21:10:57,153 - watchfiles.main - INFO - 1 change detected
2025-07-30 21:10:57,503 - watchfiles.main - INFO - 1 change detected
2025-07-30 21:10:57,854 - watchfiles.main - INFO - 1 change detected
2025-07-30 21:10:58,205 - watchfiles.main - INFO - 1 change detected
2025-07-30 21:10:58,555 - watchfiles.main - INFO - 1 change detected
2025-07-30 21:10:58,906 - watchfiles.main - INFO - 1 change detected
2025-07-30 21:10:59,256 - watchfiles.main - INFO - 1 change detected
2025-07-30 21:10:59,607 - watchfiles.main - INFO - 1 change detected
2025-07-30 21:10:59,957 - watchfiles.main - INFO - 1 change detected
2025-07-30 21:11:00,308 - watchfiles.main - INFO - 1 change detected
2025-07-30 21:11:00,659 - watchfiles.main - INFO - 1 change detected
2025-07-30 21:11:01,009 - watchfiles.main - INFO - 1 change detected
2025-07-30 21:11:01,360 - watchfiles.main - INFO - 1 change detected
2025-07-30 21:11:01,710 - watchfiles.main - INFO - 1 change detected
2025-07-30 21:11:02,061 - watchfiles.main - INFO - 1 change detected
2025-07-30 21:11:02,411 - watchfiles.main - INFO - 1 change detected
2025-07-30 21:11:02,762 - watchfiles.main - INFO - 1 change detected
2025-07-30 21:11:03,113 - watchfiles.main - INFO - 1 change detected
2025-07-30 21:11:03,463 - watchfiles.main - INFO - 1 change detected
2025-07-30 21:11:03,814 - watchfiles.main - INFO - 1 change detected
2025-07-30 21:11:04,164 - watchfiles.main - INFO - 1 change detected
2025-07-30 21:11:04,515 - watchfiles.main - INFO - 1 change detected
2025-07-30 21:11:04,865 - watchfiles.main - INFO - 1 change detected
2025-07-30 21:11:05,216 - watchfiles.main - INFO - 1 change detected
2025-07-30 21:11:05,566 - watchfiles.main - INFO - 1 change detected
2025-07-30 21:11:05,917 - watchfiles.main - INFO - 1 change detected
2025-07-30 21:11:06,267 - watchfiles.main - INFO - 1 change detected
2025-07-30 21:11:06,618 - watchfiles.main - INFO - 1 change detected
2025-07-30 21:11:06,969 - watchfiles.main - INFO - 1 change detected
2025-07-30 21:11:07,319 - watchfiles.main - INFO - 1 change detected
2025-07-30 21:11:07,670 - watchfiles.main - INFO - 1 change detected
2025-07-30 21:11:08,020 - watchfiles.main - INFO - 1 change detected
2025-07-30 21:11:08,371 - watchfiles.main - INFO - 1 change detected
2025-07-30 21:11:08,721 - watchfiles.main - INFO - 1 change detected
2025-07-30 21:11:09,072 - watchfiles.main - INFO - 1 change detected
2025-07-30 21:11:09,422 - watchfiles.main - INFO - 1 change detected
2025-07-30 21:11:09,773 - watchfiles.main - INFO - 1 change detected
2025-07-30 21:11:10,123 - watchfiles.main - INFO - 1 change detected
2025-07-30 21:11:10,474 - watchfiles.main - INFO - 1 change detected
2025-07-30 21:11:10,824 - watchfiles.main - INFO - 1 change detected
2025-07-30 21:11:11,175 - watchfiles.main - INFO - 1 change detected
2025-07-30 21:11:11,526 - watchfiles.main - INFO - 1 change detected
2025-07-30 21:11:11,876 - watchfiles.main - INFO - 1 change detected
2025-07-30 21:11:12,227 - watchfiles.main - INFO - 1 change detected
2025-07-30 21:11:12,577 - watchfiles.main - INFO - 1 change detected
2025-07-30 21:11:12,928 - watchfiles.main - INFO - 1 change detected
2025-07-30 21:16:23,199 - __main__ - INFO - Database engines created successfully
2025-07-30 21:16:23,219 - __main__ - INFO - ============================================================
2025-07-30 21:16:23,219 - __main__ - INFO - 🚀 Navigator Prompt API v3.0.0
2025-07-30 21:16:23,220 - __main__ - INFO - 📍 Server: http://0.0.0.0:5000
2025-07-30 21:16:23,220 - __main__ - INFO - 👥 Workers: 4
2025-07-30 21:16:23,220 - __main__ - INFO - 🔒 Environment: development
2025-07-30 21:16:23,220 - __main__ - INFO - ============================================================
2025-07-30 21:16:23,919 - __mp_main__ - INFO - Database engines created successfully
2025-07-30 21:16:24,014 - watchfiles.main - INFO - 1 change detected
2025-07-30 21:16:24,365 - watchfiles.main - INFO - 1 change detected
2025-07-30 21:16:24,715 - watchfiles.main - INFO - 1 change detected
2025-07-30 21:16:25,066 - watchfiles.main - INFO - 1 change detected
2025-07-30 21:16:25,416 - watchfiles.main - INFO - 1 change detected
2025-07-30 21:16:25,767 - watchfiles.main - INFO - 1 change detected
2025-07-30 21:16:26,117 - watchfiles.main - INFO - 1 change detected
2025-07-30 21:16:26,468 - watchfiles.main - INFO - 1 change detected
2025-08-04 12:35:49,442 - __main__ - INFO - Database engines created successfully
2025-08-04 12:35:49,463 - __main__ - INFO - ============================================================
2025-08-04 12:35:49,463 - __main__ - INFO - 🚀 Navigator Prompt API v3.0.0
2025-08-04 12:35:49,463 - __main__ - INFO - 📍 Server: http://0.0.0.0:5000
2025-08-04 12:35:49,464 - __main__ - INFO - 👥 Workers: 4
2025-08-04 12:35:49,464 - __main__ - INFO - 🔒 Environment: development
2025-08-04 12:35:49,464 - __main__ - INFO - ============================================================
2025-08-04 12:35:50,154 - __mp_main__ - INFO - Database engines created successfully
2025-08-04 12:35:50,188 - __mp_main__ - INFO - Starting Navigator Prompt API...
2025-08-04 12:35:50,191 - __mp_main__ - INFO - Redis Sentinel initialized successfully
2025-08-04 12:35:50,207 - watchfiles.main - INFO - 1 change detected
2025-08-04 12:35:50,225 - __mp_main__ - INFO - Initializing default universities...
2025-08-04 12:35:50,227 - __mp_main__ - INFO - Default universities initialized
2025-08-04 12:35:50,227 - __mp_main__ - INFO - Application startup completed successfully
2025-08-04 12:35:50,557 - watchfiles.main - INFO - 1 change detected
2025-08-04 12:35:50,908 - watchfiles.main - INFO - 1 change detected
2025-08-04 12:35:51,258 - watchfiles.main - INFO - 1 change detected
2025-08-04 12:35:51,609 - watchfiles.main - INFO - 1 change detected
2025-08-04 12:35:51,960 - watchfiles.main - INFO - 1 change detected
2025-08-04 12:35:52,310 - watchfiles.main - INFO - 1 change detected
2025-08-04 12:35:52,661 - watchfiles.main - INFO - 1 change detected
2025-08-04 12:35:53,011 - watchfiles.main - INFO - 1 change detected
2025-08-04 12:35:53,362 - watchfiles.main - INFO - 1 change detected
2025-08-04 12:35:53,712 - watchfiles.main - INFO - 1 change detected
2025-08-04 12:35:54,063 - watchfiles.main - INFO - 1 change detected
2025-08-04 12:35:54,413 - watchfiles.main - INFO - 1 change detected
2025-08-04 12:35:54,764 - watchfiles.main - INFO - 1 change detected
2025-08-04 12:35:55,114 - watchfiles.main - INFO - 1 change detected
2025-08-04 12:35:55,465 - watchfiles.main - INFO - 1 change detected
2025-08-04 12:35:55,815 - watchfiles.main - INFO - 1 change detected
2025-08-04 12:35:56,166 - watchfiles.main - INFO - 1 change detected
2025-08-04 12:35:56,516 - watchfiles.main - INFO - 1 change detected
2025-08-04 12:35:56,867 - watchfiles.main - INFO - 1 change detected
2025-08-04 12:35:57,217 - watchfiles.main - INFO - 1 change detected
2025-08-04 12:35:57,568 - watchfiles.main - INFO - 1 change detected
2025-08-04 12:35:57,918 - watchfiles.main - INFO - 1 change detected
2025-08-04 12:35:58,269 - watchfiles.main - INFO - 1 change detected
2025-08-04 12:35:58,619 - watchfiles.main - INFO - 1 change detected
2025-08-04 12:35:58,970 - watchfiles.main - INFO - 1 change detected
2025-08-04 12:35:59,321 - watchfiles.main - INFO - 1 change detected
2025-08-04 12:35:59,671 - watchfiles.main - INFO - 1 change detected
2025-08-04 12:36:00,022 - watchfiles.main - INFO - 1 change detected
2025-08-04 12:36:00,372 - watchfiles.main - INFO - 1 change detected
2025-08-04 12:36:00,723 - watchfiles.main - INFO - 1 change detected
2025-08-04 12:36:01,073 - watchfiles.main - INFO - 1 change detected
2025-08-04 12:36:01,424 - watchfiles.main - INFO - 1 change detected
2025-08-04 12:36:01,774 - watchfiles.main - INFO - 1 change detected
2025-08-04 12:36:02,125 - watchfiles.main - INFO - 1 change detected
2025-08-04 12:36:02,475 - watchfiles.main - INFO - 1 change detected
2025-08-04 12:36:02,826 - watchfiles.main - INFO - 1 change detected
2025-08-04 12:36:03,176 - watchfiles.main - INFO - 1 change detected
2025-08-04 12:36:03,527 - watchfiles.main - INFO - 1 change detected
2025-08-04 12:36:03,877 - watchfiles.main - INFO - 1 change detected
2025-08-04 12:36:04,228 - watchfiles.main - INFO - 1 change detected
2025-08-04 12:36:04,578 - watchfiles.main - INFO - 1 change detected
2025-08-04 12:36:04,929 - watchfiles.main - INFO - 1 change detected
2025-08-04 12:36:05,279 - watchfiles.main - INFO - 1 change detected
2025-08-04 12:36:05,630 - watchfiles.main - INFO - 1 change detected
2025-08-04 12:36:05,980 - watchfiles.main - INFO - 1 change detected
2025-08-04 12:36:06,331 - watchfiles.main - INFO - 1 change detected
2025-08-04 12:36:06,681 - watchfiles.main - INFO - 1 change detected
2025-08-04 12:36:07,032 - watchfiles.main - INFO - 1 change detected
2025-08-04 12:36:07,383 - watchfiles.main - INFO - 1 change detected
2025-08-04 12:36:07,733 - watchfiles.main - INFO - 1 change detected
2025-08-04 12:36:08,084 - watchfiles.main - INFO - 1 change detected
2025-08-04 12:36:08,435 - watchfiles.main - INFO - 1 change detected
2025-08-04 12:36:08,785 - watchfiles.main - INFO - 1 change detected
2025-08-04 12:36:09,136 - watchfiles.main - INFO - 1 change detected
2025-08-04 12:36:09,486 - watchfiles.main - INFO - 1 change detected
2025-08-04 12:36:09,837 - watchfiles.main - INFO - 1 change detected
2025-08-04 12:36:10,188 - watchfiles.main - INFO - 1 change detected
2025-08-04 12:36:10,538 - watchfiles.main - INFO - 1 change detected
2025-08-04 12:36:10,889 - watchfiles.main - INFO - 1 change detected
2025-08-04 12:36:11,239 - watchfiles.main - INFO - 1 change detected
2025-08-04 12:36:11,590 - watchfiles.main - INFO - 1 change detected
2025-08-04 12:36:11,940 - watchfiles.main - INFO - 1 change detected
2025-08-04 12:36:12,291 - watchfiles.main - INFO - 1 change detected
2025-08-04 12:36:12,641 - watchfiles.main - INFO - 1 change detected
2025-08-04 12:36:12,992 - watchfiles.main - INFO - 1 change detected
2025-08-04 12:36:13,342 - watchfiles.main - INFO - 1 change detected
2025-08-04 12:36:13,693 - watchfiles.main - INFO - 1 change detected
2025-08-04 12:36:14,043 - watchfiles.main - INFO - 1 change detected
2025-08-04 12:36:14,368 - __mp_main__ - INFO - Shutting down Navigator Prompt API...
